25-Jul-2025 12:09:01 INFO - null
25-Jul-2025 12:09:53 INFO - null
25-Jul-2025 12:09:55 INFO - null
25-Jul-2025 15:09:13 ERROR - null
25-Jul-2025 15:53:33 ERROR - null
25-Jul-2025 15:54:25 ERROR - null
25-Jul-2025 15:54:33 ERROR - null
25-Jul-2025 16:00:00 ERROR - null
25-Jul-2025 16:02:06 ERROR - null
25-Jul-2025 16:02:30 ERROR - null
25-Jul-2025 16:03:57 ERROR - null
25-Jul-2025 16:06:39 ERROR - null
25-Jul-2025 16:34:42 ERROR - null
25-Jul-2025 16:50:56 ERROR - Flight not found.
25-Jul-2025 16:52:47 ERROR - Please enter valid source city
28-Jul-2025 09:40:57 ERROR - Please enter valid source city
28-Jul-2025 10:01:44 ERROR - Please enter valid source city
28-Jul-2025 10:02:22 ERROR - Please enter valid source city
28-Jul-2025 10:02:37 ERROR - Please enter valid source city
28-Jul-2025 10:02:37 ERROR - Flight not found or invalid flight ID.
28-Jul-2025 10:05:44 ERROR - Please enter valid source city
28-Jul-2025 10:05:44 ERROR - Flight not found or invalid flight ID.
28-Jul-2025 10:08:35 ERROR - Please enter valid source city
28-Jul-2025 10:08:35 ERROR - Flight not found or invalid flight ID.
28-Jul-2025 10:11:25 ERROR - Please enter valid source city
28-Jul-2025 10:11:25 ERROR - Please enter valid flight ID
28-Jul-2025 10:12:52 ERROR - Please enter valid source city
28-Jul-2025 10:12:52 ERROR - Please enter valid flight ID1
28-Jul-2025 10:15:11 ERROR - Please enter valid source city
28-Jul-2025 10:15:11 ERROR - Please enter valid flight ID
28-Jul-2025 10:15:45 ERROR - Please enter valid source city
28-Jul-2025 10:15:45 ERROR - No seats available for this flight.
28-Jul-2025 10:16:05 ERROR - Please enter valid source city
28-Jul-2025 10:20:40 ERROR - Please enter valid source city
28-Jul-2025 10:38:03 ERROR - Please enter valid source city
28-Jul-2025 10:46:09 ERROR - Please enter valid source city
28-Jul-2025 11:02:37 ERROR - No flights found for the given criteria.
28-Jul-2025 11:08:28 ERROR - No flights found for the given criteria.
28-Jul-2025 11:11:29 ERROR - Please enter valid flight ID
28-Jul-2025 11:24:22 ERROR - No flights found for the given criteria.
28-Jul-2025 11:24:22 ERROR - No flights found for the given criteria.
28-Jul-2025 11:24:22 ERROR - Please enter valid flight ID
28-Jul-2025 11:25:25 ERROR - No flights found for the given criteria.
28-Jul-2025 11:25:25 ERROR - Please enter valid flight ID
28-Jul-2025 11:28:17 ERROR - No flights found for the given criteria.
28-Jul-2025 11:29:51 ERROR - No flights found for the given criteria.
28-Jul-2025 11:30:13 ERROR - No flights found for the given criteria.
28-Jul-2025 11:36:13 ERROR - Please enter valid flight ID
28-Jul-2025 11:38:36 ERROR - Booking failed. Please try again later.
28-Jul-2025 11:41:11 ERROR - Booking failed. Please try again later.
28-Jul-2025 11:47:07 ERROR - No flights found for the given criteria.
28-Jul-2025 11:47:07 ERROR - Booking failed. Please try again later.
28-Jul-2025 11:50:35 ERROR - No flights found for the given criteria.
28-Jul-2025 11:50:35 ERROR - Booking failed. Please try again later.
28-Jul-2025 11:51:01 ERROR - No flights found for the given criteria.
28-Jul-2025 11:51:01 ERROR - Booking failed. Please try again later.
28-Jul-2025 11:51:18 ERROR - Booking failed. Please try again later.
28-Jul-2025 11:51:25 ERROR - No flights found for the given criteria.
28-Jul-2025 11:51:25 ERROR - No flights found for the given criteria.
28-Jul-2025 11:51:36 ERROR - No flights found for the given criteria.
28-Jul-2025 11:51:49 ERROR - No flights found for the given criteria.
28-Jul-2025 11:51:52 ERROR - No flights found for the given criteria.
28-Jul-2025 11:52:41 ERROR - No flights found for the given criteria.
28-Jul-2025 11:53:46 ERROR - No flights found for the given criteria.
28-Jul-2025 11:54:51 ERROR - No flights found for the given criteria.
28-Jul-2025 11:55:11 ERROR - No flights found for the given criteria.
28-Jul-2025 11:55:22 ERROR - No flights found for the given criteria.
28-Jul-2025 11:56:25 ERROR - No flights found for the given criteria.
28-Jul-2025 11:57:57 ERROR - No flights found for the given criteria.
28-Jul-2025 11:58:17 ERROR - Booking failed. Please try again later.
28-Jul-2025 11:58:28 ERROR - Booking failed. Please try again later.
28-Jul-2025 11:58:39 ERROR - Booking failed. Please try again later.
28-Jul-2025 11:58:48 ERROR - Booking failed. Please try again later.
28-Jul-2025 11:58:51 ERROR - Booking failed. Please try again later.
28-Jul-2025 11:59:06 ERROR - Booking failed. Please try again later.
28-Jul-2025 12:04:24 ERROR - Please enter valid source city
28-Jul-2025 12:05:21 ERROR - Please enter valid source city
28-Jul-2025 12:05:41 ERROR - Please enter valid source city
28-Jul-2025 12:05:56 ERROR - Please enter valid source city
28-Jul-2025 12:06:52 ERROR - Please enter valid source city
28-Jul-2025 12:07:03 ERROR - Please enter valid source city
28-Jul-2025 12:08:14 ERROR - Please enter valid source city
28-Jul-2025 12:09:56 ERROR - Date should be today's date or future date
28-Jul-2025 12:10:19 ERROR - No flights found for the given criteria.
28-Jul-2025 12:27:09 ERROR - No flights found for the given criteria.
28-Jul-2025 12:27:16 ERROR - No flights found for the given criteria.
28-Jul-2025 12:31:43 ERROR - Please enter valid flight ID
28-Jul-2025 12:34:38 ERROR - Number of passengers should be more than 0 and less than 5.
28-Jul-2025 12:40:27 ERROR - Number of passengers should be more than 0 and less than 5.
28-Jul-2025 12:41:20 ERROR - Number of passengers should be more than 0 and less than 5.
28-Jul-2025 12:47:12 ERROR - No flights found for the given criteria.
28-Jul-2025 12:47:57 ERROR - Date should be today's date or future date
28-Jul-2025 12:48:19 ERROR - Date should be today's date or future date
28-Jul-2025 12:48:46 ERROR - Number of passengers should be more than 0 and less than 5.
28-Jul-2025 12:48:56 ERROR - No flights found for the given criteria.
28-Jul-2025 12:49:03 ERROR - No flights found for the given criteria.
28-Jul-2025 12:49:24 ERROR - No flights found for the given criteria.
28-Jul-2025 12:49:55 ERROR - No flights found for the given criteria.
28-Jul-2025 13:00:50 ERROR - Please enter valid source city
28-Jul-2025 13:01:10 ERROR - No flights found for the given criteria.
28-Jul-2025 13:02:12 ERROR - Date should be today's date or future date
28-Jul-2025 13:02:41 ERROR - No flights found for the given criteria.
28-Jul-2025 13:02:49 ERROR - No flights found for the given criteria.
28-Jul-2025 13:02:55 ERROR - No flights found for the given criteria.
28-Jul-2025 13:03:55 ERROR - No flights found for the given criteria.
28-Jul-2025 13:04:49 ERROR - No flights found for the given criteria.
28-Jul-2025 13:06:20 ERROR - No flights found for the given criteria.
28-Jul-2025 13:07:14 ERROR - No flights found for the given criteria.
28-Jul-2025 13:07:20 ERROR - No flights found for the given criteria.
28-Jul-2025 13:07:30 ERROR - No flights found for the given criteria.
28-Jul-2025 13:07:38 ERROR - No flights found for the given criteria.
28-Jul-2025 13:08:00 ERROR - No flights found for the given criteria.
28-Jul-2025 13:10:06 ERROR - No flights found for the given criteria.
28-Jul-2025 13:10:31 ERROR - No flights found for the given criteria.
28-Jul-2025 13:11:39 ERROR - No flights found for the given criteria.
28-Jul-2025 13:12:06 ERROR - No flights found for the given criteria.
28-Jul-2025 13:13:00 ERROR - No flights found for the given criteria.
28-Jul-2025 13:13:11 ERROR - No flights found for the given criteria.
28-Jul-2025 13:13:17 ERROR - No flights found for the given criteria.
28-Jul-2025 13:14:31 ERROR - No flights found for the given criteria.
28-Jul-2025 13:15:07 ERROR - No flights found for the given criteria.
28-Jul-2025 13:15:23 ERROR - Please enter valid source city
28-Jul-2025 13:15:23 ERROR - null
28-Jul-2025 13:15:44 ERROR - null
28-Jul-2025 13:16:05 ERROR - Please enter valid flight ID
28-Jul-2025 13:16:18 ERROR - null
28-Jul-2025 13:16:31 ERROR - null
28-Jul-2025 13:17:16 ERROR - No flights found for the given criteria.
28-Jul-2025 13:17:16 ERROR - No flights found for the given criteria.
28-Jul-2025 13:17:23 ERROR - No flights found for the given criteria.
28-Jul-2025 13:17:23 ERROR - No flights found for the given criteria.
28-Jul-2025 13:17:43 ERROR - No flights found for the given criteria.
28-Jul-2025 13:17:43 ERROR - No flights found for the given criteria.
28-Jul-2025 13:18:11 ERROR - No flights found for the given criteria.
28-Jul-2025 13:18:11 ERROR - No flights found for the given criteria.
28-Jul-2025 13:19:30 ERROR - null
28-Jul-2025 13:20:20 ERROR - Number of passengers should be more than 0 and less than 5.
28-Jul-2025 14:06:16 ERROR - No flights found for the given criteria.
28-Jul-2025 14:06:25 ERROR - No flights found for the given criteria.
28-Jul-2025 14:06:45 ERROR - No flights found for the given criteria.
28-Jul-2025 14:07:05 ERROR - No flights found for the given criteria.
28-Jul-2025 14:07:26 ERROR - No flights found for the given criteria.
28-Jul-2025 14:09:40 ERROR - No flights found for the given criteria.
28-Jul-2025 14:10:27 ERROR - No flights found for the given criteria.
28-Jul-2025 14:10:37 ERROR - No flights found for the given criteria.
28-Jul-2025 14:13:43 ERROR - No flights found for the given criteria.
28-Jul-2025 14:14:43 ERROR - No flights found for the given criteria.
28-Jul-2025 14:15:14 ERROR - No flights found for the given criteria.
28-Jul-2025 14:15:25 ERROR - Cannot invoke "java.util.List.isEmpty()" because "com.ual.dao.UnitedGoDAOImpl.flightList" is null
28-Jul-2025 14:16:15 ERROR - No flights found for the given criteria.
28-Jul-2025 14:16:57 ERROR - Please enter valid destination city
28-Jul-2025 14:17:10 ERROR - No flights found for the given criteria.
28-Jul-2025 14:19:00 ERROR - Please enter valid source city
28-Jul-2025 14:19:14 ERROR - Please enter valid source city
28-Jul-2025 14:19:27 ERROR - Please enter valid source city
28-Jul-2025 14:21:54 ERROR - No flights found for the given criteria.
28-Jul-2025 14:22:09 ERROR - Date should be today's date or future date
28-Jul-2025 14:22:38 ERROR - Please enter valid source city
28-Jul-2025 14:23:39 ERROR - Date should be today's date or future date
28-Jul-2025 14:24:07 ERROR - No flights found for the given criteria.
28-Jul-2025 14:33:05 ERROR - Cannot invoke "java.util.List.isEmpty()" because "com.ual.dao.UnitedGoDAOImpl.flightList" is null
28-Jul-2025 14:33:12 ERROR - Cannot invoke "java.util.List.isEmpty()" because "com.ual.dao.UnitedGoDAOImpl.flightList" is null
28-Jul-2025 16:17:18 ERROR - Cannot invoke "java.util.List.isEmpty()" because "com.ual.dao.UnitedGoDAOImpl.flightList" is null
28-Jul-2025 16:17:35 ERROR - Please enter valid source city
28-Jul-2025 16:20:58 ERROR - Please enter valid destination city
28-Jul-2025 16:24:49 ERROR - Cannot invoke "java.util.List.isEmpty()" because "com.ual.dao.UnitedGoDAOImpl.flightList" is null
28-Jul-2025 16:28:03 ERROR - No flights found for the given criteria.
28-Jul-2025 16:28:38 ERROR - Please enter valid source city
28-Jul-2025 16:35:42 ERROR - No flights found for the given criteria.
29-Jul-2025 06:29:24 INFO - FlightID   Airline         Source          Destination     ArrivalTime     DepartureTime   Seats      Date            Fare      
29-Jul-2025 06:29:24 INFO - ================================================================================================================================
29-Jul-2025 06:29:24 INFO - AI-732     AirIndia        Banglore        Mumbai          12:23           13:45           3          22/12/2025      $2345.00  
29-Jul-2025 06:29:24 INFO - IE-263     Indigo          Delhi           Chennai         13:30           16:45           39         13/11/2025      $5345.00  
29-Jul-2025 06:29:24 INFO - MG-435     SpiceJet        Kolkata         Hyderabad       14:00           16:30           83         25/10/2025      $3456.00  
29-Jul-2025 06:29:24 INFO - UK-789     Vistarat        Mumbai          Pune            8:45            10:15           90         30/09/2025      $4342.35  
29-Jul-2025 06:29:24 INFO - AI-123     AirIndia        Delhi           Banglore        10:00           12:30           54         01/12/2025      $5000.00  
29-Jul-2025 06:30:57 INFO - FlightID   Airline         Source          Destination     ArrivalTime     DepartureTime   Seats      Date            Fare      
29-Jul-2025 06:30:57 INFO - ================================================================================================================================
29-Jul-2025 06:30:57 INFO - AI-732     AirIndia        Banglore        Mumbai          12:23           13:45           3          22/12/2025      $2345.00  
29-Jul-2025 06:30:57 INFO - IE-263     Indigo          Delhi           Chennai         13:30           16:45           39         13/11/2025      $5345.00  
29-Jul-2025 06:30:57 INFO - MG-435     SpiceJet        Kolkata         Hyderabad       14:00           16:30           83         25/10/2025      $3456.00  
29-Jul-2025 06:30:57 INFO - UK-789     Vistarat        Mumbai          Pune            8:45            10:15           90         30/09/2025      $4342.35  
29-Jul-2025 06:30:57 INFO - AI-123     AirIndia        Delhi           Banglore        10:00           12:30           54         01/12/2025      $5000.00  
29-Jul-2025 06:30:57 INFO - FlightID   Airline         Source          Destination     ArrivalTime     DepartureTime   Seats      Date            Fare      
29-Jul-2025 06:30:57 INFO - ================================================================================================================================
29-Jul-2025 06:30:57 INFO - UK-789     Vistarat        Mumbai          Pune            8:45            10:15           90         30/09/2025      $4342.35  
29-Jul-2025 06:31:16 INFO - FlightID   Airline         Source          Destination     ArrivalTime     DepartureTime   Seats      Date            Fare      
29-Jul-2025 06:31:16 INFO - ================================================================================================================================
29-Jul-2025 06:31:16 INFO - UK-789     Vistarat        Mumbai          Pune            8:45            10:15           90         30/09/2025      $4342.35  
29-Jul-2025 06:51:58 INFO - FlightID   Airline         Source          Destination     ArrivalTime     DepartureTime   Seats      Date            Fare      
29-Jul-2025 06:51:58 INFO - ================================================================================================================================
29-Jul-2025 06:51:58 INFO - AI-732     AirIndia        Banglore        Mumbai          12:23           13:45           3          22/12/2025      $2345.00  
29-Jul-2025 06:51:58 INFO - IE-263     Indigo          Delhi           Chennai         13:30           16:45           39         13/11/2025      $5345.00  
29-Jul-2025 06:51:58 INFO - MG-435     SpiceJet        Kolkata         Hyderabad       14:00           16:30           83         25/10/2025      $3456.00  
29-Jul-2025 06:51:58 INFO - UK-789     Vistarat        Mumbai          Pune            8:45            10:15           90         30/09/2025      $4342.35  
29-Jul-2025 06:51:58 INFO - AI-123     AirIndia        Delhi           Banglore        10:00           12:30           54         01/12/2025      $5000.00  
29-Jul-2025 06:51:58 ERROR - No flights found for the given criteria.
29-Jul-2025 06:52:19 ERROR - Please enter valid source city
29-Jul-2025 06:56:05 INFO - FlightID   Airline         Source          Destination     ArrivalTime     DepartureTime   Seats      Date            Fare      
29-Jul-2025 06:56:05 INFO - ================================================================================================================================
29-Jul-2025 06:56:05 INFO - AI-732     AirIndia        Banglore        Mumbai          12:23           13:45           3          22/12/2025      $2345.00  
29-Jul-2025 06:56:05 INFO - IE-263     Indigo          Delhi           Chennai         13:30           16:45           39         13/11/2025      $5345.00  
29-Jul-2025 06:56:05 INFO - MG-435     SpiceJet        Kolkata         Hyderabad       14:00           16:30           83         25/10/2025      $3456.00  
29-Jul-2025 06:56:05 INFO - UK-789     Vistarat        Mumbai          Pune            8:45            10:15           90         30/09/2025      $4342.35  
29-Jul-2025 06:56:05 INFO - AI-123     AirIndia        Delhi           Banglore        10:00           12:30           54         01/12/2025      $5000.00  
29-Jul-2025 06:56:05 ERROR - Number of passengers should be more than 0 and less than 5.
29-Jul-2025 06:56:26 INFO - FlightID   Airline         Source          Destination     ArrivalTime     DepartureTime   Seats      Date            Fare      
29-Jul-2025 06:56:26 INFO - ================================================================================================================================
29-Jul-2025 06:56:26 INFO - AI-732     AirIndia        Banglore        Mumbai          12:23           13:45           3          22/12/2025      $2345.00  
29-Jul-2025 06:56:26 INFO - IE-263     Indigo          Delhi           Chennai         13:30           16:45           39         13/11/2025      $5345.00  
29-Jul-2025 06:56:26 INFO - MG-435     SpiceJet        Kolkata         Hyderabad       14:00           16:30           83         25/10/2025      $3456.00  
29-Jul-2025 06:56:26 INFO - UK-789     Vistarat        Mumbai          Pune            8:45            10:15           90         30/09/2025      $4342.35  
29-Jul-2025 06:56:26 INFO - AI-123     AirIndia        Delhi           Banglore        10:00           12:30           54         01/12/2025      $5000.00  
29-Jul-2025 06:56:26 ERROR - Please enter valid flight ID
29-Jul-2025 06:56:47 INFO - FlightID   Airline         Source          Destination     ArrivalTime     DepartureTime   Seats      Date            Fare      
29-Jul-2025 06:56:47 INFO - ================================================================================================================================
29-Jul-2025 06:56:47 INFO - AI-732     AirIndia        Banglore        Mumbai          12:23           13:45           3          22/12/2025      $2345.00  
29-Jul-2025 06:56:47 INFO - IE-263     Indigo          Delhi           Chennai         13:30           16:45           39         13/11/2025      $5345.00  
29-Jul-2025 06:56:47 INFO - MG-435     SpiceJet        Kolkata         Hyderabad       14:00           16:30           83         25/10/2025      $3456.00  
29-Jul-2025 06:56:47 INFO - UK-789     Vistarat        Mumbai          Pune            8:45            10:15           90         30/09/2025      $4342.35  
29-Jul-2025 06:56:47 INFO - AI-123     AirIndia        Delhi           Banglore        10:00           12:30           54         01/12/2025      $5000.00  
29-Jul-2025 06:56:47 ERROR - No flights found for the given criteria.
29-Jul-2025 07:09:30 INFO - FlightID   Airline         Source          Destination     ArrivalTime     DepartureTime   Seats      Date            Fare      
29-Jul-2025 07:09:30 INFO - ================================================================================================================================
29-Jul-2025 07:09:30 INFO - AI-732     AirIndia        Banglore        Mumbai          12:23           13:45           3          22/12/2025      $2345.00  
29-Jul-2025 07:09:30 INFO - IE-263     Indigo          Delhi           Chennai         13:30           16:45           39         13/11/2025      $5345.00  
29-Jul-2025 07:09:30 INFO - MG-435     SpiceJet        Kolkata         Hyderabad       14:00           16:30           83         25/10/2025      $3456.00  
29-Jul-2025 07:09:30 INFO - UK-789     Vistarat        Mumbai          Pune            8:45            10:15           90         30/09/2025      $4342.35  
29-Jul-2025 07:09:30 INFO - AI-123     AirIndia        Delhi           Banglore        10:00           12:30           54         01/12/2025      $5000.00  
29-Jul-2025 07:09:30 ERROR - No flights found for the given criteria.
29-Jul-2025 07:10:01 INFO - FlightID   Airline         Source          Destination     ArrivalTime     DepartureTime   Seats      Date            Fare      
29-Jul-2025 07:10:01 INFO - ================================================================================================================================
29-Jul-2025 07:10:01 INFO - AI-732     AirIndia        Banglore        Mumbai          12:23           13:45           3          22/12/2025      $2345.00  
29-Jul-2025 07:10:01 INFO - IE-263     Indigo          Delhi           Chennai         13:30           16:45           39         13/11/2025      $5345.00  
29-Jul-2025 07:10:01 INFO - MG-435     SpiceJet        Kolkata         Hyderabad       14:00           16:30           83         25/10/2025      $3456.00  
29-Jul-2025 07:10:01 INFO - UK-789     Vistarat        Mumbai          Pune            8:45            10:15           90         30/09/2025      $4342.35  
29-Jul-2025 07:10:01 INFO - AI-123     AirIndia        Delhi           Banglore        10:00           12:30           54         01/12/2025      $5000.00  
29-Jul-2025 07:10:01 ERROR - No flights found for the given criteria.
29-Jul-2025 07:10:37 INFO - FlightID   Airline         Source          Destination     ArrivalTime     DepartureTime   Seats      Date            Fare      
29-Jul-2025 07:10:37 INFO - ================================================================================================================================
29-Jul-2025 07:10:37 INFO - AI-732     AirIndia        Banglore        Mumbai          12:23           13:45           3          22/12/2025      $2345.00  
29-Jul-2025 07:10:37 INFO - IE-263     Indigo          Delhi           Chennai         13:30           16:45           39         13/11/2025      $5345.00  
29-Jul-2025 07:10:37 INFO - MG-435     SpiceJet        Kolkata         Hyderabad       14:00           16:30           83         25/10/2025      $3456.00  
29-Jul-2025 07:10:37 INFO - UK-789     Vistarat        Mumbai          Pune            8:45            10:15           90         30/09/2025      $4342.35  
29-Jul-2025 07:10:37 INFO - AI-123     AirIndia        Delhi           Banglore        10:00           12:30           54         01/12/2025      $5000.00  
29-Jul-2025 07:10:37 ERROR - No flights found for the given criteria.
29-Jul-2025 07:12:19 INFO - FlightID   Airline         Source          Destination     ArrivalTime     DepartureTime   Seats      Date            Fare      
29-Jul-2025 07:12:19 INFO - ================================================================================================================================
29-Jul-2025 07:12:19 INFO - AI-732     AirIndia        Banglore        Mumbai          12:23           13:45           3          22/12/2025      $2345.00  
29-Jul-2025 07:12:19 INFO - IE-263     Indigo          Delhi           Chennai         13:30           16:45           39         13/11/2025      $5345.00  
29-Jul-2025 07:12:19 INFO - MG-435     SpiceJet        Kolkata         Hyderabad       14:00           16:30           83         25/10/2025      $3456.00  
29-Jul-2025 07:12:19 INFO - UK-789     Vistarat        Mumbai          Pune            8:45            10:15           90         30/09/2025      $4342.35  
29-Jul-2025 07:12:19 INFO - AI-123     AirIndia        Delhi           Banglore        10:00           12:30           54         01/12/2025      $5000.00  
29-Jul-2025 07:12:19 ERROR - Please enter valid source city
29-Jul-2025 07:12:29 INFO - FlightID   Airline         Source          Destination     ArrivalTime     DepartureTime   Seats      Date            Fare      
29-Jul-2025 07:12:29 INFO - ================================================================================================================================
29-Jul-2025 07:12:29 INFO - AI-732     AirIndia        Banglore        Mumbai          12:23           13:45           3          22/12/2025      $2345.00  
29-Jul-2025 07:12:29 INFO - IE-263     Indigo          Delhi           Chennai         13:30           16:45           39         13/11/2025      $5345.00  
29-Jul-2025 07:12:29 INFO - MG-435     SpiceJet        Kolkata         Hyderabad       14:00           16:30           83         25/10/2025      $3456.00  
29-Jul-2025 07:12:29 INFO - UK-789     Vistarat        Mumbai          Pune            8:45            10:15           90         30/09/2025      $4342.35  
29-Jul-2025 07:12:29 INFO - AI-123     AirIndia        Delhi           Banglore        10:00           12:30           54         01/12/2025      $5000.00  
29-Jul-2025 07:12:29 ERROR - Please enter valid source city
29-Jul-2025 07:12:37 INFO - FlightID   Airline         Source          Destination     ArrivalTime     DepartureTime   Seats      Date            Fare      
29-Jul-2025 07:12:37 INFO - ================================================================================================================================
29-Jul-2025 07:12:37 INFO - AI-732     AirIndia        Banglore        Mumbai          12:23           13:45           3          22/12/2025      $2345.00  
29-Jul-2025 07:12:37 INFO - IE-263     Indigo          Delhi           Chennai         13:30           16:45           39         13/11/2025      $5345.00  
29-Jul-2025 07:12:37 INFO - MG-435     SpiceJet        Kolkata         Hyderabad       14:00           16:30           83         25/10/2025      $3456.00  
29-Jul-2025 07:12:37 INFO - UK-789     Vistarat        Mumbai          Pune            8:45            10:15           90         30/09/2025      $4342.35  
29-Jul-2025 07:12:37 INFO - AI-123     AirIndia        Delhi           Banglore        10:00           12:30           54         01/12/2025      $5000.00  
29-Jul-2025 07:12:37 ERROR - No flights found for the given criteria.
29-Jul-2025 07:14:22 INFO - FlightID   Airline         Source          Destination     ArrivalTime     DepartureTime   Seats      Date            Fare      
29-Jul-2025 07:14:22 INFO - ================================================================================================================================
29-Jul-2025 07:14:22 INFO - AI-732     AirIndia        Banglore        Mumbai          12:23           13:45           3          22/12/2025      $2345.00  
29-Jul-2025 07:14:22 INFO - IE-263     Indigo          Delhi           Chennai         13:30           16:45           39         13/11/2025      $5345.00  
29-Jul-2025 07:14:22 INFO - MG-435     SpiceJet        Kolkata         Hyderabad       14:00           16:30           83         25/10/2025      $3456.00  
29-Jul-2025 07:14:22 INFO - UK-789     Vistarat        Mumbai          Pune            8:45            10:15           90         30/09/2025      $4342.35  
29-Jul-2025 07:14:22 INFO - AI-123     AirIndia        Delhi           Banglore        10:00           12:30           54         01/12/2025      $5000.00  
29-Jul-2025 07:14:22 ERROR - No flights found for the given criteria.
29-Jul-2025 07:15:14 INFO - FlightID   Airline         Source          Destination     ArrivalTime     DepartureTime   Seats      Date            Fare      
29-Jul-2025 07:15:14 INFO - ================================================================================================================================
29-Jul-2025 07:15:14 INFO - AI-732     AirIndia        Banglore        Mumbai          12:23           13:45           3          22/12/2025      $2345.00  
29-Jul-2025 07:15:14 INFO - IE-263     Indigo          Delhi           Chennai         13:30           16:45           39         13/11/2025      $5345.00  
29-Jul-2025 07:15:14 INFO - MG-435     SpiceJet        Kolkata         Hyderabad       14:00           16:30           83         25/10/2025      $3456.00  
29-Jul-2025 07:15:14 INFO - UK-789     Vistarat        Mumbai          Pune            8:45            10:15           90         30/09/2025      $4342.35  
29-Jul-2025 07:15:14 INFO - AI-123     AirIndia        Delhi           Banglore        10:00           12:30           54         01/12/2025      $5000.00  
29-Jul-2025 07:15:14 ERROR - No flights found for the given criteria.
29-Jul-2025 07:15:35 INFO - FlightID   Airline         Source          Destination     ArrivalTime     DepartureTime   Seats      Date            Fare      
29-Jul-2025 07:15:35 INFO - ================================================================================================================================
29-Jul-2025 07:15:35 INFO - AI-732     AirIndia        Banglore        Mumbai          12:23           13:45           3          22/12/2025      $2345.00  
29-Jul-2025 07:15:35 INFO - IE-263     Indigo          Delhi           Chennai         13:30           16:45           39         13/11/2025      $5345.00  
29-Jul-2025 07:15:35 INFO - MG-435     SpiceJet        Kolkata         Hyderabad       14:00           16:30           83         25/10/2025      $3456.00  
29-Jul-2025 07:15:35 INFO - UK-789     Vistarat        Mumbai          Pune            8:45            10:15           90         30/09/2025      $4342.35  
29-Jul-2025 07:15:35 INFO - AI-123     AirIndia        Delhi           Banglore        10:00           12:30           54         01/12/2025      $5000.00  
29-Jul-2025 07:15:35 ERROR - No flights found for the given criteria.
29-Jul-2025 07:16:48 INFO - FlightID   Airline         Source          Destination     ArrivalTime     DepartureTime   Seats      Date            Fare      
29-Jul-2025 07:16:48 INFO - ================================================================================================================================
29-Jul-2025 07:16:48 INFO - AI-732     AirIndia        Banglore        Mumbai          12:23           13:45           3          22/12/2025      $2345.00  
29-Jul-2025 07:16:48 INFO - IE-263     Indigo          Delhi           Chennai         13:30           16:45           39         13/11/2025      $5345.00  
29-Jul-2025 07:16:48 INFO - MG-435     SpiceJet        Kolkata         Hyderabad       14:00           16:30           83         25/10/2025      $3456.00  
29-Jul-2025 07:16:48 INFO - UK-789     Vistarat        Mumbai          Pune            8:45            10:15           90         30/09/2025      $4342.35  
29-Jul-2025 07:16:48 INFO - AI-123     AirIndia        Delhi           Banglore        10:00           12:30           54         01/12/2025      $5000.00  
29-Jul-2025 07:17:17 INFO - FlightID   Airline         Source          Destination     ArrivalTime     DepartureTime   Seats      Date            Fare      
29-Jul-2025 07:17:17 INFO - ================================================================================================================================
29-Jul-2025 07:17:17 INFO - AI-732     AirIndia        Banglore        Mumbai          12:23           13:45           3          22/12/2025      $2345.00  
29-Jul-2025 07:17:17 INFO - IE-263     Indigo          Delhi           Chennai         13:30           16:45           39         13/11/2025      $5345.00  
29-Jul-2025 07:17:17 INFO - MG-435     SpiceJet        Kolkata         Hyderabad       14:00           16:30           83         25/10/2025      $3456.00  
29-Jul-2025 07:17:17 INFO - UK-789     Vistarat        Mumbai          Pune            8:45            10:15           90         30/09/2025      $4342.35  
29-Jul-2025 07:17:17 INFO - AI-123     AirIndia        Delhi           Banglore        10:00           12:30           54         01/12/2025      $5000.00  
29-Jul-2025 07:17:17 ERROR - No flights found for the given criteria.
29-Jul-2025 07:20:54 INFO - FlightID   Airline         Source          Destination     ArrivalTime     DepartureTime   Seats      Date            Fare      
29-Jul-2025 07:20:54 INFO - ================================================================================================================================
29-Jul-2025 07:20:54 INFO - AI-732     AirIndia        Banglore        Mumbai          12:23           13:45           3          22/12/2025      $2345.00  
29-Jul-2025 07:20:54 INFO - IE-263     Indigo          Delhi           Chennai         13:30           16:45           39         13/11/2025      $5345.00  
29-Jul-2025 07:20:54 INFO - MG-435     SpiceJet        Kolkata         Hyderabad       14:00           16:30           83         25/10/2025      $3456.00  
29-Jul-2025 07:20:54 INFO - UK-789     Vistarat        Mumbai          Pune            8:45            10:15           90         30/09/2025      $4342.35  
29-Jul-2025 07:20:54 INFO - AI-123     AirIndia        Delhi           Banglore        10:00           12:30           54         01/12/2025      $5000.00  
29-Jul-2025 07:21:47 INFO - FlightID   Airline         Source          Destination     ArrivalTime     DepartureTime   Seats      Date            Fare      
29-Jul-2025 07:21:47 INFO - ================================================================================================================================
29-Jul-2025 07:21:47 INFO - AI-732     AirIndia        Banglore        Mumbai          12:23           13:45           3          22/12/2025      $2345.00  
29-Jul-2025 07:21:47 INFO - IE-263     Indigo          Delhi           Chennai         13:30           16:45           39         13/11/2025      $5345.00  
29-Jul-2025 07:21:47 INFO - MG-435     SpiceJet        Kolkata         Hyderabad       14:00           16:30           83         25/10/2025      $3456.00  
29-Jul-2025 07:21:47 INFO - UK-789     Vistarat        Mumbai          Pune            8:45            10:15           90         30/09/2025      $4342.35  
29-Jul-2025 07:21:47 INFO - AI-123     AirIndia        Delhi           Banglore        10:00           12:30           54         01/12/2025      $5000.00  
29-Jul-2025 07:21:47 INFO - FlightID   Airline         Source          Destination     ArrivalTime     DepartureTime   Seats      Date            Fare      
29-Jul-2025 07:21:47 INFO - ================================================================================================================================
29-Jul-2025 07:21:47 INFO - AI-123     AirIndia        Delhi           Banglore        10:00           12:30           54         01/12/2025      $5000.00  
29-Jul-2025 07:22:10 INFO - FlightID   Airline         Source          Destination     ArrivalTime     DepartureTime   Seats      Date            Fare      
29-Jul-2025 07:22:10 INFO - ================================================================================================================================
29-Jul-2025 07:22:10 INFO - AI-732     AirIndia        Banglore        Mumbai          12:23           13:45           3          22/12/2025      $2345.00  
29-Jul-2025 07:22:10 INFO - IE-263     Indigo          Delhi           Chennai         13:30           16:45           39         13/11/2025      $5345.00  
29-Jul-2025 07:22:10 INFO - MG-435     SpiceJet        Kolkata         Hyderabad       14:00           16:30           83         25/10/2025      $3456.00  
29-Jul-2025 07:22:10 INFO - UK-789     Vistarat        Mumbai          Pune            8:45            10:15           90         30/09/2025      $4342.35  
29-Jul-2025 07:22:10 INFO - AI-123     AirIndia        Delhi           Banglore        10:00           12:30           54         01/12/2025      $5000.00  
29-Jul-2025 07:22:10 INFO - FlightID   Airline         Source          Destination     ArrivalTime     DepartureTime   Seats      Date            Fare      
29-Jul-2025 07:22:10 INFO - ================================================================================================================================
29-Jul-2025 07:22:10 INFO - AI-123     AirIndia        Delhi           Banglore        10:00           12:30           54         01/12/2025      $5000.00  
29-Jul-2025 07:33:22 INFO - FlightID   Airline         Source          Destination     ArrivalTime     DepartureTime   Seats      Date            Fare      
29-Jul-2025 07:33:22 INFO - ================================================================================================================================
29-Jul-2025 07:33:22 INFO - AI-732     AirIndia        Banglore        Mumbai          12:23           13:45           3          22/12/2025      $2345.00  
29-Jul-2025 07:33:22 INFO - IE-263     Indigo          Delhi           Chennai         13:30           16:45           39         13/11/2025      $5345.00  
29-Jul-2025 07:33:22 INFO - MG-435     SpiceJet        Kolkata         Hyderabad       14:00           16:30           83         25/10/2025      $3456.00  
29-Jul-2025 07:33:22 INFO - UK-789     Vistarat        Mumbai          Pune            8:45            10:15           90         30/09/2025      $4342.35  
29-Jul-2025 07:33:22 INFO - AI-123     AirIndia        Delhi           Banglore        10:00           12:30           54         01/12/2025      $5000.00  
29-Jul-2025 07:33:22 INFO - FlightID   Airline         Source          Destination     ArrivalTime     DepartureTime   Seats      Date            Fare      
29-Jul-2025 07:33:22 INFO - ================================================================================================================================
29-Jul-2025 07:33:22 INFO - AI-123     AirIndia        Delhi           Banglore        10:00           12:30           54         01/12/2025      $5000.00  
12-Aug-2025 09:45:04 INFO - FlightID   Airline         Source          Destination     ArrivalTime     DepartureTime   Seats      Date            Fare      
12-Aug-2025 09:45:04 INFO - ================================================================================================================================
12-Aug-2025 09:45:04 INFO - AI-732     AirIndia        Banglore        Mumbai          12:23           13:45           3          22/12/2025      $2345.00  
12-Aug-2025 09:45:04 INFO - IE-263     Indigo          Delhi           Chennai         13:30           16:45           39         13/11/2025      $5345.00  
12-Aug-2025 09:45:04 INFO - MG-435     SpiceJet        Kolkata         Hyderabad       14:00           16:30           83         25/10/2025      $3456.00  
12-Aug-2025 09:45:04 INFO - UK-789     Vistarat        Mumbai          Pune            8:45            10:15           90         30/09/2025      $4342.35  
12-Aug-2025 09:45:04 INFO - AI-123     AirIndia        Delhi           Banglore        10:00           12:30           54         01/12/2025      $5000.00  
12-Aug-2025 09:45:04 INFO - FlightID   Airline         Source          Destination     ArrivalTime     DepartureTime   Seats      Date            Fare      
12-Aug-2025 09:45:04 INFO - ================================================================================================================================
12-Aug-2025 09:45:04 INFO - AI-123     AirIndia        Delhi           Banglore        10:00           12:30           54         01/12/2025      $5000.00  
12-Aug-2025 09:48:26 INFO - FlightID   Airline         Source          Destination     ArrivalTime     DepartureTime   Seats      Date            Fare      
12-Aug-2025 09:48:26 INFO - ================================================================================================================================
12-Aug-2025 09:48:26 INFO - AI-732     AirIndia        Banglore        Mumbai          12:23           13:45           3          22/12/2025      $2345.00  
12-Aug-2025 09:48:26 INFO - IE-263     Indigo          Delhi           Chennai         13:30           16:45           39         13/11/2025      $5345.00  
12-Aug-2025 09:48:26 INFO - MG-435     SpiceJet        Kolkata         Hyderabad       14:00           16:30           83         25/10/2025      $3456.00  
12-Aug-2025 09:48:26 INFO - UK-789     Vistarat        Mumbai          Pune            8:45            10:15           90         30/09/2025      $4342.35  
12-Aug-2025 09:48:26 INFO - AI-123     AirIndia        Delhi           Banglore        10:00           12:30           54         01/12/2025      $5000.00  
12-Aug-2025 09:48:26 INFO - FlightID   Airline         Source          Destination     ArrivalTime     DepartureTime   Seats      Date            Fare      
12-Aug-2025 09:48:26 INFO - ================================================================================================================================
12-Aug-2025 09:48:26 INFO - AI-123     AirIndia        Delhi           Banglore        10:00           12:30           54         01/12/2025      $5000.00  
12-Aug-2025 09:48:40 INFO - FlightID   Airline         Source          Destination     ArrivalTime     DepartureTime   Seats      Date            Fare      
12-Aug-2025 09:48:40 INFO - ================================================================================================================================
12-Aug-2025 09:48:40 INFO - AI-123     AirIndia        Delhi           Banglore        10:00           12:30           54         01/12/2025      $5000.00  
